  [1m[35m (0.0ms)[0m  [1m[35mSET  @@SESSION.sql_mode = CONCAT(CONCAT(@@sql_mode, ',STRICT_ALL_TABLES'), ',NO_AUTO_VALUE_ON_ZERO'),  @@SESSION.sql_auto_is_null = 0, @@SESSION.wait_timeout = 2147483[0m
  [1m[35m (55.2ms)[0m  [1m[35mCREATE TABLE `schema_migrations` (`version` varchar(255) NOT NULL PRIMARY KEY) ENGINE=InnoDB[0m
  [1m[35m (63.0ms)[0m  [1m[35mCREATE TABLE `ar_internal_metadata` (`key` varchar(255) NOT NULL PRIMARY KEY, `value` varchar(255), `created_at` datetime NOT NULL, `updated_at` datetime NOT NULL) ENGINE=InnoDB[0m
  [1m[35m (0.0ms)[0m  [1m[34mSELECT GET_LOCK('4877541228233818725', 0)[0m
  [1m[35m (0.0ms)[0m  [1m[34mSELECT `schema_migrations`.`version` FROM `schema_migrations` ORDER BY `schema_migrations`.`version` ASC[0m
Migrating to CreateUsers (20200430063402)
  [1m[35m (43.1ms)[0m  [1m[35mCREATE TABLE `users` (`id` bigint NOT NULL AUTO_INCREMENT PRIMARY KEY, `name` varchar(255), `email` varchar(255), `password_digest` varchar(255), `created_at` datetime NOT NULL, `updated_at` datetime NOT NULL) ENGINE=InnoDB[0m
  [1m[35m (1.1ms)[0m  [1m[35mBEGIN[0m
  [1m[35mSQL (1.6ms)[0m  [1m[32mINSERT INTO `schema_migrations` (`version`) VALUES ('20200430063402')[0m
  [1m[35m (2.2ms)[0m  [1m[35mCOMMIT[0m
  [1m[36mActiveRecord::InternalMetadata Load (2.2ms)[0m  [1m[34mSELECT  `ar_internal_metadata`.* FROM `ar_internal_metadata` WHERE `ar_internal_metadata`.`key` = 'environment' LIMIT 1[0m
  [1m[35m (2.9ms)[0m  [1m[35mBEGIN[0m
  [1m[35mSQL (1.0ms)[0m  [1m[32mINSERT INTO `ar_internal_metadata` (`key`, `value`, `created_at`, `updated_at`) VALUES ('environment', 'development', '2020-04-30 06:34:21', '2020-04-30 06:34:21')[0m
  [1m[35m (2.4ms)[0m  [1m[35mCOMMIT[0m
  [1m[35m (0.0ms)[0m  [1m[34mSELECT RELEASE_LOCK('4877541228233818725')[0m
  [1m[35m (1.6ms)[0m  [1m[34mSELECT `schema_migrations`.`version` FROM `schema_migrations` ORDER BY `schema_migrations`.`version` ASC[0m
Started GET "/" for ::1 at 2020-04-30 17:09:47 +0530
  [1m[35m (2.0ms)[0m  [1m[35mSET  @@SESSION.sql_mode = CONCAT(CONCAT(@@sql_mode, ',STRICT_ALL_TABLES'), ',NO_AUTO_VALUE_ON_ZERO'),  @@SESSION.sql_auto_is_null = 0, @@SESSION.wait_timeout = 2147483[0m
  [1m[35m (4.9ms)[0m  [1m[34mSELECT `schema_migrations`.`version` FROM `schema_migrations` ORDER BY `schema_migrations`.`version` ASC[0m
Processing by Rails::WelcomeController#index as HTML
  Rendering C:/RailsInstaller/Ruby2.3.3/lib/ruby/gems/2.3.0/gems/railties-5.1.7/lib/rails/templates/rails/welcome/index.html.erb
  Rendered C:/RailsInstaller/Ruby2.3.3/lib/ruby/gems/2.3.0/gems/railties-5.1.7/lib/rails/templates/rails/welcome/index.html.erb (31.9ms)
Completed 200 OK in 228ms (Views: 128.4ms | ActiveRecord: 0.0ms)


Started GET "/authenticate" for ::1 at 2020-04-30 17:10:08 +0530
  
ActionController::RoutingError (No route matches [GET] "/authenticate"):
  
actionpack (5.1.7) lib/action_dispatch/middleware/debug_exceptions.rb:63:in `call'
actionpack (5.1.7) lib/action_dispatch/middleware/show_exceptions.rb:31:in `call'
railties (5.1.7) lib/rails/rack/logger.rb:36:in `call_app'
railties (5.1.7) lib/rails/rack/logger.rb:24:in `block in call'
activesupport (5.1.7) lib/active_support/tagged_logging.rb:69:in `block in tagged'
activesupport (5.1.7) lib/active_support/tagged_logging.rb:26:in `tagged'
activesupport (5.1.7) lib/active_support/tagged_logging.rb:69:in `tagged'
railties (5.1.7) lib/rails/rack/logger.rb:24:in `call'
actionpack (5.1.7) lib/action_dispatch/middleware/remote_ip.rb:79:in `call'
actionpack (5.1.7) lib/action_dispatch/middleware/request_id.rb:25:in `call'
rack (2.2.2) lib/rack/method_override.rb:24:in `call'
rack (2.2.2) lib/rack/runtime.rb:22:in `call'
activesupport (5.1.7) lib/active_support/cache/strategy/local_cache_middleware.rb:27:in `call'
actionpack (5.1.7) lib/action_dispatch/middleware/executor.rb:12:in `call'
actionpack (5.1.7) lib/action_dispatch/middleware/static.rb:125:in `call'
rack (2.2.2) lib/rack/sendfile.rb:110:in `call'
railties (5.1.7) lib/rails/engine.rb:522:in `call'
puma (3.12.4) lib/puma/configuration.rb:227:in `call'
puma (3.12.4) lib/puma/server.rb:675:in `handle_request'
puma (3.12.4) lib/puma/server.rb:476:in `process_client'
puma (3.12.4) lib/puma/server.rb:334:in `block in run'
puma (3.12.4) lib/puma/thread_pool.rb:135:in `block in spawn_thread'
Started POST "/authenticate" for ::1 at 2020-04-30 20:22:26 +0530
  [1m[35m (1.1ms)[0m  [1m[35mSET  @@SESSION.sql_mode = CONCAT(CONCAT(@@sql_mode, ',STRICT_ALL_TABLES'), ',NO_AUTO_VALUE_ON_ZERO'),  @@SESSION.sql_auto_is_null = 0, @@SESSION.wait_timeout = 2147483[0m
  [1m[35m (1.3ms)[0m  [1m[34mSELECT `schema_migrations`.`version` FROM `schema_migrations` ORDER BY `schema_migrations`.`version` ASC[0m
Processing by AuthenticationController#authenticate as */*
  Parameters: {"email"=>"aman@gmail.com", "password"=>"[FILTERED]", "authentication"=>{"email"=>"aman@gmail.com", "password"=>"[FILTERED]"}}
  [1m[36mUser Load (0.0ms)[0m  [1m[34mSELECT  `users`.* FROM `users` WHERE `users`.`email` = 'aman@gmail.com' LIMIT 1[0m
Completed 401 Unauthorized in 76ms (Views: 1.0ms | ActiveRecord: 1.0ms)


  [1m[35m (0.0ms)[0m  [1m[35mSET  @@SESSION.sql_mode = CONCAT(CONCAT(@@sql_mode, ',STRICT_ALL_TABLES'), ',NO_AUTO_VALUE_ON_ZERO'),  @@SESSION.sql_auto_is_null = 0, @@SESSION.wait_timeout = 2147483[0m
  [1m[35m (1.0ms)[0m  [1m[35mBEGIN[0m
  [1m[35mSQL (10.8ms)[0m  [1m[32mINSERT INTO `users` (`email`, `password_digest`, `created_at`, `updated_at`) VALUES ('example@mail.com', '$2a$12$6kNI.hnzknWF3he1GwIVrO3sMVdtwMqNZ.3rFZF0nSlyvVsSEf6Ii', '2020-04-30 14:57:19', '2020-04-30 14:57:19')[0m
  [1m[35m (3.7ms)[0m  [1m[35mCOMMIT[0m
Started POST "/authenticate" for ::1 at 2020-04-30 20:28:56 +0530
  [1m[35m (1.0ms)[0m  [1m[35mSET  @@SESSION.sql_mode = CONCAT(CONCAT(@@sql_mode, ',STRICT_ALL_TABLES'), ',NO_AUTO_VALUE_ON_ZERO'),  @@SESSION.sql_auto_is_null = 0, @@SESSION.wait_timeout = 2147483[0m
  [1m[35m (1.0ms)[0m  [1m[34mSELECT `schema_migrations`.`version` FROM `schema_migrations` ORDER BY `schema_migrations`.`version` ASC[0m
Processing by AuthenticationController#authenticate as */*
  Parameters: {"email"=>"example@mail.com", "password"=>"[FILTERED]", "authentication"=>{"email"=>"example@mail.com", "password"=>"[FILTERED]"}}
  [1m[36mUser Load (0.0ms)[0m  [1m[34mSELECT  `users`.* FROM `users` WHERE `users`.`email` = 'example@mail.com' LIMIT 1[0m
  [1m[36mUser Load (1.2ms)[0m  [1m[34mSELECT  `users`.* FROM `users` WHERE `users`.`email` = 'example@mail.com' LIMIT 1[0m
Completed 200 OK in 667ms (Views: 0.2ms | ActiveRecord: 13.5ms)


  [1m[35m (0.0ms)[0m  [1m[35mSET  @@SESSION.sql_mode = CONCAT(CONCAT(@@sql_mode, ',STRICT_ALL_TABLES'), ',NO_AUTO_VALUE_ON_ZERO'),  @@SESSION.sql_auto_is_null = 0, @@SESSION.wait_timeout = 2147483[0m
  [1m[35m (1.0ms)[0m  [1m[35mBEGIN[0m
  [1m[35mSQL (11.0ms)[0m  [1m[32mINSERT INTO `users` (`email`, `password_digest`) VALUES ('xyz@gmail.com', '$2a$12$uEIPJ9iIPFzFnXfNJXdvOeqAwzIQEd3cjJgLvYx7.2iteu6Gq3mSG')[0m
  [1m[35m (2.0ms)[0m  [1m[35mCOMMIT[0m
Started OPTIONS "/authenticate" for ::1 at 2020-05-01 10:54:49 +0530
  [1m[35m (1.2ms)[0m  [1m[35mSET  @@SESSION.sql_mode = CONCAT(CONCAT(@@sql_mode, ',STRICT_ALL_TABLES'), ',NO_AUTO_VALUE_ON_ZERO'),  @@SESSION.sql_auto_is_null = 0, @@SESSION.wait_timeout = 2147483[0m
  [1m[35m (16.2ms)[0m  [1m[34mSELECT `schema_migrations`.`version` FROM `schema_migrations` ORDER BY `schema_migrations`.`version` ASC[0m
  
ActionController::RoutingError (No route matches [OPTIONS] "/authenticate"):
  
actionpack (5.1.7) lib/action_dispatch/middleware/debug_exceptions.rb:63:in `call'
actionpack (5.1.7) lib/action_dispatch/middleware/show_exceptions.rb:31:in `call'
railties (5.1.7) lib/rails/rack/logger.rb:36:in `call_app'
railties (5.1.7) lib/rails/rack/logger.rb:24:in `block in call'
activesupport (5.1.7) lib/active_support/tagged_logging.rb:69:in `block in tagged'
activesupport (5.1.7) lib/active_support/tagged_logging.rb:26:in `tagged'
activesupport (5.1.7) lib/active_support/tagged_logging.rb:69:in `tagged'
railties (5.1.7) lib/rails/rack/logger.rb:24:in `call'
actionpack (5.1.7) lib/action_dispatch/middleware/remote_ip.rb:79:in `call'
actionpack (5.1.7) lib/action_dispatch/middleware/request_id.rb:25:in `call'
rack (2.2.2) lib/rack/method_override.rb:24:in `call'
rack (2.2.2) lib/rack/runtime.rb:22:in `call'
activesupport (5.1.7) lib/active_support/cache/strategy/local_cache_middleware.rb:27:in `call'
actionpack (5.1.7) lib/action_dispatch/middleware/executor.rb:12:in `call'
actionpack (5.1.7) lib/action_dispatch/middleware/static.rb:125:in `call'
rack (2.2.2) lib/rack/sendfile.rb:110:in `call'
railties (5.1.7) lib/rails/engine.rb:522:in `call'
puma (3.12.4) lib/puma/configuration.rb:227:in `call'
puma (3.12.4) lib/puma/server.rb:675:in `handle_request'
puma (3.12.4) lib/puma/server.rb:476:in `process_client'
puma (3.12.4) lib/puma/server.rb:334:in `block in run'
puma (3.12.4) lib/puma/thread_pool.rb:135:in `block in spawn_thread'
Started POST "/authenticate" for ::1 at 2020-05-01 11:10:30 +0530
  [1m[35m (3.9ms)[0m  [1m[35mSET  @@SESSION.sql_mode = CONCAT(CONCAT(@@sql_mode, ',STRICT_ALL_TABLES'), ',NO_AUTO_VALUE_ON_ZERO'),  @@SESSION.sql_auto_is_null = 0, @@SESSION.wait_timeout = 2147483[0m
  [1m[35m (1.0ms)[0m  [1m[34mSELECT `schema_migrations`.`version` FROM `schema_migrations` ORDER BY `schema_migrations`.`version` ASC[0m
Processing by AuthenticationController#authenticate as HTML
  Parameters: {"email"=>"aman@g.com", "password_digest"=>"[FILTERED]", "authentication"=>{"email"=>"aman@g.com", "password_digest"=>"[FILTERED]"}}
  [1m[36mUser Load (4.0ms)[0m  [1m[34mSELECT  `users`.* FROM `users` WHERE `users`.`email` = 'aman@g.com' LIMIT 1[0m
Completed 500 Internal Server Error in 169ms (ActiveRecord: 64.9ms)


  
BCrypt::Errors::InvalidHash (invalid hash):
  
app/commands/authenticate_user.rb:19:in `user'
app/commands/authenticate_user.rb:10:in `call'
app/controllers/authentication_controller.rb:5:in `authenticate'
Started POST "/authenticate" for ::1 at 2020-05-01 11:15:01 +0530
Processing by AuthenticationController#authenticate as HTML
  Parameters: {"email"=>"aman@g.com", "password"=>"[FILTERED]", "authentication"=>{"email"=>"aman@g.com", "password"=>"[FILTERED]"}}
  [1m[35m (0.6ms)[0m  [1m[35mSET  @@SESSION.sql_mode = CONCAT(CONCAT(@@sql_mode, ',STRICT_ALL_TABLES'), ',NO_AUTO_VALUE_ON_ZERO'),  @@SESSION.sql_auto_is_null = 0, @@SESSION.wait_timeout = 2147483[0m
  [1m[36mUser Load (1.9ms)[0m  [1m[34mSELECT  `users`.* FROM `users` WHERE `users`.`email` = 'aman@g.com' LIMIT 1[0m
Completed 500 Internal Server Error in 41ms (ActiveRecord: 2.6ms)


  
BCrypt::Errors::InvalidHash (invalid hash):
  
app/commands/authenticate_user.rb:19:in `user'
app/commands/authenticate_user.rb:10:in `call'
app/controllers/authentication_controller.rb:5:in `authenticate'
Started POST "/authenticate" for ::1 at 2020-05-01 11:16:56 +0530
Processing by AuthenticationController#authenticate as */*
  Parameters: {"email"=>"aman@g.com", "password"=>"[FILTERED]", "authentication"=>{"email"=>"aman@g.com", "password"=>"[FILTERED]"}}
  [1m[36mUser Load (1.0ms)[0m  [1m[34mSELECT  `users`.* FROM `users` WHERE `users`.`email` = 'aman@g.com' LIMIT 1[0m
Completed 500 Internal Server Error in 6ms (ActiveRecord: 1.0ms)


  
BCrypt::Errors::InvalidHash (invalid hash):
  
app/commands/authenticate_user.rb:19:in `user'
app/commands/authenticate_user.rb:10:in `call'
app/controllers/authentication_controller.rb:5:in `authenticate'
Started POST "/authenticate" for ::1 at 2020-05-01 11:17:40 +0530
Processing by AuthenticationController#authenticate as */*
  Parameters: {"email"=>"example@mail.com", "password"=>"[FILTERED]", "authentication"=>{"email"=>"example@mail.com", "password"=>"[FILTERED]"}}
  [1m[36mUser Load (2.0ms)[0m  [1m[34mSELECT  `users`.* FROM `users` WHERE `users`.`email` = 'example@mail.com' LIMIT 1[0m
  [1m[36mCACHE User Load (0.0ms)[0m  [1m[34mSELECT  `users`.* FROM `users` WHERE `users`.`email` = 'example@mail.com' LIMIT 1[0m  [["email", "example@mail.com"], ["LIMIT", 1]]
Completed 200 OK in 1171ms (Views: 0.5ms | ActiveRecord: 2.0ms)


Started POST "/authenticate" for ::1 at 2020-05-01 11:18:14 +0530
Processing by AuthenticationController#authenticate as HTML
  Parameters: {"email"=>"example@mail.com", "password"=>"[FILTERED]", "authentication"=>{"email"=>"example@mail.com", "password"=>"[FILTERED]"}}
  [1m[36mUser Load (2.5ms)[0m  [1m[34mSELECT  `users`.* FROM `users` WHERE `users`.`email` = 'example@mail.com' LIMIT 1[0m
Completed 401 Unauthorized in 594ms (Views: 0.4ms | ActiveRecord: 2.5ms)


Started POST "/authenticate" for ::1 at 2020-05-01 11:21:47 +0530
  [1m[35m (0.0ms)[0m  [1m[35mSET  @@SESSION.sql_mode = CONCAT(CONCAT(@@sql_mode, ',STRICT_ALL_TABLES'), ',NO_AUTO_VALUE_ON_ZERO'),  @@SESSION.sql_auto_is_null = 0, @@SESSION.wait_timeout = 2147483[0m
  [1m[35m (0.0ms)[0m  [1m[34mSELECT `schema_migrations`.`version` FROM `schema_migrations` ORDER BY `schema_migrations`.`version` ASC[0m
Processing by AuthenticationController#authenticate as HTML
  Parameters: {"email"=>"aman@g.com", "password"=>"[FILTERED]", "authentication"=>{"email"=>"aman@g.com", "password"=>"[FILTERED]"}}
  [1m[36mUser Load (1.0ms)[0m  [1m[34mSELECT  `users`.* FROM `users` WHERE `users`.`email` = 'aman@g.com' LIMIT 1[0m
Completed 500 Internal Server Error in 132ms (ActiveRecord: 15.3ms)


  
NoMethodError (undefined method `authenticate' for #<User:0x3507000>):
  
app/commands/authenticate_user.rb:19:in `user'
app/commands/authenticate_user.rb:10:in `call'
app/controllers/authentication_controller.rb:5:in `authenticate'
Started POST "/authenticate" for ::1 at 2020-05-01 11:22:31 +0530
Processing by AuthenticationController#authenticate as */*
  Parameters: {"email"=>"aman@g.com", "password"=>"[FILTERED]", "authentication"=>{"email"=>"aman@g.com", "password"=>"[FILTERED]"}}
  [1m[35m (1.0ms)[0m  [1m[35mSET  @@SESSION.sql_mode = CONCAT(CONCAT(@@sql_mode, ',STRICT_ALL_TABLES'), ',NO_AUTO_VALUE_ON_ZERO'),  @@SESSION.sql_auto_is_null = 0, @@SESSION.wait_timeout = 2147483[0m
  [1m[36mUser Load (2.3ms)[0m  [1m[34mSELECT  `users`.* FROM `users` WHERE `users`.`email` = 'aman@g.com' LIMIT 1[0m
Completed 500 Internal Server Error in 67ms (ActiveRecord: 3.3ms)


  
NoMethodError (undefined method `authenticate' for #<User:0x59837d0>):
  
app/commands/authenticate_user.rb:19:in `user'
app/commands/authenticate_user.rb:10:in `call'
app/controllers/authentication_controller.rb:5:in `authenticate'
Started POST "/register" for ::1 at 2020-05-01 12:17:33 +0530
  [1m[35m (1.0ms)[0m  [1m[35mSET  @@SESSION.sql_mode = CONCAT(CONCAT(@@sql_mode, ',STRICT_ALL_TABLES'), ',NO_AUTO_VALUE_ON_ZERO'),  @@SESSION.sql_auto_is_null = 0, @@SESSION.wait_timeout = 2147483[0m
  [1m[35m (0.0ms)[0m  [1m[34mSELECT `schema_migrations`.`version` FROM `schema_migrations` ORDER BY `schema_migrations`.`version` ASC[0m
  
SyntaxError (C:/Sites/project/app/controllers/registration_controller.rb:13: syntax error, unexpected end-of-input, expecting keyword_end):
  
app/controllers/registration_controller.rb:13: syntax error, unexpected end-of-input, expecting keyword_end
Started POST "/register" for ::1 at 2020-05-01 12:20:15 +0530
  [1m[35m (1.0ms)[0m  [1m[35mSET  @@SESSION.sql_mode = CONCAT(CONCAT(@@sql_mode, ',STRICT_ALL_TABLES'), ',NO_AUTO_VALUE_ON_ZERO'),  @@SESSION.sql_auto_is_null = 0, @@SESSION.wait_timeout = 2147483[0m
  [1m[35m (0.0ms)[0m  [1m[34mSELECT `schema_migrations`.`version` FROM `schema_migrations` ORDER BY `schema_migrations`.`version` ASC[0m
Processing by RegistrationController#register as */*
  Parameters: {"email"=>"aman@g.com", "password"=>"[FILTERED]", "registration"=>{"email"=>"aman@g.com", "password"=>"[FILTERED]"}}
Filter chain halted as :authenticate_request rendered or redirected
Completed 401 Unauthorized in 27ms (Views: 0.2ms | ActiveRecord: 0.0ms)


Started POST "/register" for ::1 at 2020-05-01 12:25:43 +0530
  [1m[35m (1.0ms)[0m  [1m[35mSET  @@SESSION.sql_mode = CONCAT(CONCAT(@@sql_mode, ',STRICT_ALL_TABLES'), ',NO_AUTO_VALUE_ON_ZERO'),  @@SESSION.sql_auto_is_null = 0, @@SESSION.wait_timeout = 2147483[0m
Processing by RegistrationController#register as */*
  Parameters: {"email"=>"aman@g.com", "password"=>"[FILTERED]", "registration"=>{"email"=>"aman@g.com", "password"=>"[FILTERED]"}}
Filter chain halted as :authenticate_request rendered or redirected
Completed 401 Unauthorized in 11ms (Views: 0.2ms | ActiveRecord: 0.0ms)


Started POST "/register" for ::1 at 2020-05-01 12:53:45 +0530
  [1m[35m (0.0ms)[0m  [1m[35mSET  @@SESSION.sql_mode = CONCAT(CONCAT(@@sql_mode, ',STRICT_ALL_TABLES'), ',NO_AUTO_VALUE_ON_ZERO'),  @@SESSION.sql_auto_is_null = 0, @@SESSION.wait_timeout = 2147483[0m
  [1m[35m (0.0ms)[0m  [1m[34mSELECT `schema_migrations`.`version` FROM `schema_migrations` ORDER BY `schema_migrations`.`version` ASC[0m
Processing by RegistrationController#register as */*
  Parameters: {"email"=>"aman@g.com", "password"=>"[FILTERED]", "registration"=>{"email"=>"aman@g.com", "password"=>"[FILTERED]"}}
Filter chain halted as :authenticate_request rendered or redirected
Completed 401 Unauthorized in 18ms (Views: 0.2ms | ActiveRecord: 0.0ms)


Started POST "/register" for ::1 at 2020-05-01 12:54:03 +0530
Processing by RegistrationController#register as */*
  Parameters: {"email"=>"amanq@g.com", "password"=>"[FILTERED]", "registration"=>{"email"=>"amanq@g.com", "password"=>"[FILTERED]"}}
Filter chain halted as :authenticate_request rendered or redirected
Completed 401 Unauthorized in 2ms (Views: 0.2ms | ActiveRecord: 0.0ms)


Started POST "/register" for ::1 at 2020-05-01 15:06:17 +0530
  [1m[35m (4.1ms)[0m  [1m[35mSET  @@SESSION.sql_mode = CONCAT(CONCAT(@@sql_mode, ',STRICT_ALL_TABLES'), ',NO_AUTO_VALUE_ON_ZERO'),  @@SESSION.sql_auto_is_null = 0, @@SESSION.wait_timeout = 2147483[0m
  [1m[35m (1.7ms)[0m  [1m[34mSELECT `schema_migrations`.`version` FROM `schema_migrations` ORDER BY `schema_migrations`.`version` ASC[0m
Processing by RegistrationController#register as */*
  Parameters: {"email"=>"amanq@g.com", "password"=>"[FILTERED]", "registration"=>{"email"=>"amanq@g.com", "password"=>"[FILTERED]"}}
Unpermitted parameter: :registration
  [1m[35m (0.0ms)[0m  [1m[35mBEGIN[0m
  [1m[35mSQL (9.3ms)[0m  [1m[32mINSERT INTO `users` (`email`, `password_digest`) VALUES ('amanq@g.com', '$2a$12$S3ws9K791Og0N2hVRuug2uf874ww4xK94CdBo51Q/vmMCvGGKC7fu')[0m
  [1m[35m (2.0ms)[0m  [1m[35mCOMMIT[0m
Completed 500 Internal Server Error in 14219ms (ActiveRecord: 46.3ms)


  
NameError (undefined local variable or method `user' for #<RegistrationController:0x3728418>
Did you mean?  @user):
  
app/controllers/registration_controller.rb:5:in `register'
Started POST "/register" for ::1 at 2020-05-01 15:07:35 +0530
  [1m[35m (1.0ms)[0m  [1m[35mSET  @@SESSION.sql_mode = CONCAT(CONCAT(@@sql_mode, ',STRICT_ALL_TABLES'), ',NO_AUTO_VALUE_ON_ZERO'),  @@SESSION.sql_auto_is_null = 0, @@SESSION.wait_timeout = 2147483[0m
Processing by RegistrationController#register as */*
  Parameters: {"email"=>"amanq@g.com", "password"=>"[FILTERED]", "registration"=>{"email"=>"amanq@g.com", "password"=>"[FILTERED]"}}
Unpermitted parameter: :registration
  [1m[35m (0.5ms)[0m  [1m[35mBEGIN[0m
  [1m[35mSQL (9.9ms)[0m  [1m[32mINSERT INTO `users` (`email`, `password_digest`) VALUES ('amanq@g.com', '$2a$12$duW8HiNozTszyXwYhRSeLemTWeQppfLR2mUDPwT2kp/XAZ1YyeIo.')[0m
  [1m[35m (4.0ms)[0m  [1m[35mCOMMIT[0m
  [1m[35m (1.0ms)[0m  [1m[35mBEGIN[0m
  [1m[35m (2.2ms)[0m  [1m[35mCOMMIT[0m
Completed 200 OK in 370ms (Views: 1.8ms | ActiveRecord: 17.6ms)


Started POST "/register" for ::1 at 2020-05-01 15:16:22 +0530
Processing by RegistrationController#register as HTML
  Parameters: {"email"=>"aman@gmail.com", "password"=>"[FILTERED]", "registration"=>{"email"=>"aman@gmail.com", "password"=>"[FILTERED]"}}
Unpermitted parameter: :registration
  [1m[35m (0.0ms)[0m  [1m[35mBEGIN[0m
  [1m[35mSQL (12.2ms)[0m  [1m[32mINSERT INTO `users` (`email`, `password_digest`) VALUES ('aman@gmail.com', '$2a$12$0IXjF3W50XQrBiW7TSIjaeKYu9S2x66akEl9uozlHPZRMa6ZBRRtC')[0m
  [1m[35m (4.3ms)[0m  [1m[35mCOMMIT[0m
  [1m[35m (0.0ms)[0m  [1m[35mBEGIN[0m
  [1m[35m (2.4ms)[0m  [1m[35mCOMMIT[0m
Completed 200 OK in 618ms (Views: 0.5ms | ActiveRecord: 18.8ms)


Started POST "/authenticate" for ::1 at 2020-05-01 15:16:50 +0530
  
ArgumentError (Before process_action callback :authenticate_request has not been defined):
  
app/controllers/authentication_controller.rb:2:in `<class:AuthenticationController>'
app/controllers/authentication_controller.rb:1:in `<top (required)>'
Started POST "/authenticate" for ::1 at 2020-05-01 15:17:38 +0530
  
ArgumentError (Before process_action callback :authenticate_request has not been defined):
  
app/controllers/authentication_controller.rb:2:in `<class:AuthenticationController>'
app/controllers/authentication_controller.rb:1:in `<top (required)>'
Started POST "/authenticate" for ::1 at 2020-05-01 15:19:47 +0530
Processing by AuthenticationController#authenticate as */*
  Parameters: {"email"=>"aman@gmail.com", "password"=>"[FILTERED]", "authentication"=>{"email"=>"aman@gmail.com", "password"=>"[FILTERED]"}}
  [1m[36mUser Load (3.2ms)[0m  [1m[34mSELECT  `users`.* FROM `users` WHERE `users`.`email` = 'aman@gmail.com' LIMIT 1[0m
  [1m[36mCACHE User Load (0.0ms)[0m  [1m[34mSELECT  `users`.* FROM `users` WHERE `users`.`email` = 'aman@gmail.com' LIMIT 1[0m  [["email", "aman@gmail.com"], ["LIMIT", 1]]
Completed 200 OK in 748ms (Views: 0.3ms | ActiveRecord: 31.0ms)


Started POST "/authenticate" for ::1 at 2020-05-01 15:20:02 +0530
Processing by AuthenticationController#authenticate as HTML
  Parameters: {"email"=>"aman@gmail.com", "password"=>"[FILTERED]", "authentication"=>{"email"=>"aman@gmail.com", "password"=>"[FILTERED]"}}
  [1m[36mUser Load (0.8ms)[0m  [1m[34mSELECT  `users`.* FROM `users` WHERE `users`.`email` = 'aman@gmail.com' LIMIT 1[0m
  [1m[36mCACHE User Load (0.0ms)[0m  [1m[34mSELECT  `users`.* FROM `users` WHERE `users`.`email` = 'aman@gmail.com' LIMIT 1[0m  [["email", "aman@gmail.com"], ["LIMIT", 1]]
Completed 200 OK in 1101ms (Views: 0.3ms | ActiveRecord: 0.8ms)


Started GET "/" for ::1 at 2020-05-02 09:54:49 +0530
  [1m[35m (1.0ms)[0m  [1m[35mSET  @@SESSION.sql_mode = CONCAT(CONCAT(@@sql_mode, ',STRICT_ALL_TABLES'), ',NO_AUTO_VALUE_ON_ZERO'),  @@SESSION.sql_auto_is_null = 0, @@SESSION.wait_timeout = 2147483[0m
  [1m[35m (1.1ms)[0m  [1m[34mSELECT `schema_migrations`.`version` FROM `schema_migrations` ORDER BY `schema_migrations`.`version` ASC[0m
Processing by Rails::WelcomeController#index as HTML
  Rendering C:/RailsInstaller/Ruby2.3.3/lib/ruby/gems/2.3.0/gems/railties-5.1.7/lib/rails/templates/rails/welcome/index.html.erb
  Rendered C:/RailsInstaller/Ruby2.3.3/lib/ruby/gems/2.3.0/gems/railties-5.1.7/lib/rails/templates/rails/welcome/index.html.erb (10.8ms)
Completed 200 OK in 111ms (Views: 64.7ms | ActiveRecord: 0.0ms)


Started GET "/home" for ::1 at 2020-05-02 09:56:18 +0530
  [1m[35m (1.0ms)[0m  [1m[35mSET  @@SESSION.sql_mode = CONCAT(CONCAT(@@sql_mode, ',STRICT_ALL_TABLES'), ',NO_AUTO_VALUE_ON_ZERO'),  @@SESSION.sql_auto_is_null = 0, @@SESSION.wait_timeout = 2147483[0m
  [1m[35m (2.1ms)[0m  [1m[34mSELECT `schema_migrations`.`version` FROM `schema_migrations` ORDER BY `schema_migrations`.`version` ASC[0m
  
ActionController::RoutingError (No route matches [GET] "/home"):
  
actionpack (5.1.7) lib/action_dispatch/middleware/debug_exceptions.rb:63:in `call'
actionpack (5.1.7) lib/action_dispatch/middleware/show_exceptions.rb:31:in `call'
railties (5.1.7) lib/rails/rack/logger.rb:36:in `call_app'
railties (5.1.7) lib/rails/rack/logger.rb:24:in `block in call'
activesupport (5.1.7) lib/active_support/tagged_logging.rb:69:in `block in tagged'
activesupport (5.1.7) lib/active_support/tagged_logging.rb:26:in `tagged'
activesupport (5.1.7) lib/active_support/tagged_logging.rb:69:in `tagged'
railties (5.1.7) lib/rails/rack/logger.rb:24:in `call'
actionpack (5.1.7) lib/action_dispatch/middleware/remote_ip.rb:79:in `call'
actionpack (5.1.7) lib/action_dispatch/middleware/request_id.rb:25:in `call'
rack (2.2.2) lib/rack/method_override.rb:24:in `call'
rack (2.2.2) lib/rack/runtime.rb:22:in `call'
activesupport (5.1.7) lib/active_support/cache/strategy/local_cache_middleware.rb:27:in `call'
actionpack (5.1.7) lib/action_dispatch/middleware/executor.rb:12:in `call'
actionpack (5.1.7) lib/action_dispatch/middleware/static.rb:125:in `call'
rack (2.2.2) lib/rack/sendfile.rb:110:in `call'
rack-cors (1.1.1) lib/rack/cors.rb:100:in `call'
railties (5.1.7) lib/rails/engine.rb:522:in `call'
puma (3.12.4) lib/puma/configuration.rb:227:in `call'
puma (3.12.4) lib/puma/server.rb:675:in `handle_request'
puma (3.12.4) lib/puma/server.rb:476:in `process_client'
puma (3.12.4) lib/puma/server.rb:334:in `block in run'
puma (3.12.4) lib/puma/thread_pool.rb:135:in `block in spawn_thread'
Started POST "/register" for ::1 at 2020-05-02 09:57:06 +0530
Processing by RegistrationController#register as HTML
  Parameters: {"email"=>"amanjazz03@gmail.com", "password"=>"[FILTERED]", "registration"=>{"email"=>"amanjazz03@gmail.com", "password"=>"[FILTERED]"}}
Unpermitted parameter: :registration
  [1m[35m (1.0ms)[0m  [1m[35mSET  @@SESSION.sql_mode = CONCAT(CONCAT(@@sql_mode, ',STRICT_ALL_TABLES'), ',NO_AUTO_VALUE_ON_ZERO'),  @@SESSION.sql_auto_is_null = 0, @@SESSION.wait_timeout = 2147483[0m
  [1m[35m (0.0ms)[0m  [1m[35mBEGIN[0m
  [1m[35mSQL (11.7ms)[0m  [1m[32mINSERT INTO `users` (`email`, `password_digest`) VALUES ('amanjazz03@gmail.com', '$2a$12$WZ5Qh1Wseuah/T/VWIVG9.300aqSxG3FDlb2/C6hbmQW8cThj2SlW')[0m
  [1m[35m (2.6ms)[0m  [1m[35mCOMMIT[0m
  [1m[35m (0.0ms)[0m  [1m[35mBEGIN[0m
  [1m[35m (4.9ms)[0m  [1m[35mCOMMIT[0m
Completed 200 OK in 10473ms (Views: 0.6ms | ActiveRecord: 58.3ms)


Started POST "/authenticate" for ::1 at 2020-05-02 09:57:35 +0530
Processing by AuthenticationController#authenticate as HTML
  Parameters: {"email"=>"amanjazz03@gmail.com", "password"=>"[FILTERED]", "authentication"=>{"email"=>"amanjazz03@gmail.com", "password"=>"[FILTERED]"}}
  [1m[36mUser Load (1.0ms)[0m  [1m[34mSELECT  `users`.* FROM `users` WHERE `users`.`email` = 'amanjazz03@gmail.com' LIMIT 1[0m
Completed 401 Unauthorized in 539ms (Views: 0.4ms | ActiveRecord: 1.0ms)


Started POST "/authenticate" for ::1 at 2020-05-02 09:57:56 +0530
Processing by AuthenticationController#authenticate as HTML
  Parameters: {"email"=>"amanjazz03@gmail.com", "password"=>"[FILTERED]", "authentication"=>{"email"=>"amanjazz03@gmail.com", "password"=>"[FILTERED]"}}
  [1m[36mUser Load (1.1ms)[0m  [1m[34mSELECT  `users`.* FROM `users` WHERE `users`.`email` = 'amanjazz03@gmail.com' LIMIT 1[0m
  [1m[36mCACHE User Load (0.0ms)[0m  [1m[34mSELECT  `users`.* FROM `users` WHERE `users`.`email` = 'amanjazz03@gmail.com' LIMIT 1[0m  [["email", "amanjazz03@gmail.com"], ["LIMIT", 1]]
Completed 200 OK in 1182ms (Views: 0.3ms | ActiveRecord: 1.1ms)


